<?xml version="1.0" encoding="UTF-8"?>
<testsuite xmlns:xsi="http://www.w3.org/2001/XMLSchema-instance" xsi:noNamespaceSchemaLocation="https://maven.apache.org/surefire/maven-surefire-plugin/xsd/surefire-test-report.xsd" version="3.0.2" name="com.antwibuadum.personal_task_dashboard.PersonalTaskDashboardProjectApplicationTests" time="1.626" tests="1" errors="0" skipped="0" failures="0">
  <properties>
    <property name="java.specification.version" value="21"/>
    <property name="sun.jnu.encoding" value="UTF-8"/>
    <property name="java.class.path" value="/Users/antwibuadum/Documents/Programming/Projects/personal-task-dashboard-project/backend/target/test-classes:/Users/antwibuadum/Documents/Programming/Projects/personal-task-dashboard-project/backend/target/classes:/Users/antwibuadum/.m2/repository/org/springframework/boot/spring-boot-starter-web/3.5.5/spring-boot-starter-web-3.5.5.jar:/Users/antwibuadum/.m2/repository/org/springframework/boot/spring-boot-starter/3.5.5/spring-boot-starter-3.5.5.jar:/Users/antwibuadum/.m2/repository/org/springframework/boot/spring-boot/3.5.5/spring-boot-3.5.5.jar:/Users/antwibuadum/.m2/repository/org/springframework/boot/spring-boot-autoconfigure/3.5.5/spring-boot-autoconfigure-3.5.5.jar:/Users/antwibuadum/.m2/repository/org/springframework/boot/spring-boot-starter-logging/3.5.5/spring-boot-starter-logging-3.5.5.jar:/Users/antwibuadum/.m2/repository/ch/qos/logback/logback-classic/1.5.18/logback-classic-1.5.18.jar:/Users/antwibuadum/.m2/repository/ch/qos/logback/logback-core/1.5.18/logback-core-1.5.18.jar:/Users/antwibuadum/.m2/repository/org/apache/logging/log4j/log4j-to-slf4j/2.24.3/log4j-to-slf4j-2.24.3.jar:/Users/antwibuadum/.m2/repository/org/apache/logging/log4j/log4j-api/2.24.3/log4j-api-2.24.3.jar:/Users/antwibuadum/.m2/repository/org/slf4j/jul-to-slf4j/2.0.17/jul-to-slf4j-2.0.17.jar:/Users/antwibuadum/.m2/repository/jakarta/annotation/jakarta.annotation-api/2.1.1/jakarta.annotation-api-2.1.1.jar:/Users/antwibuadum/.m2/repository/org/yaml/snakeyaml/2.4/snakeyaml-2.4.jar:/Users/antwibuadum/.m2/repository/org/springframework/boot/spring-boot-starter-json/3.5.5/spring-boot-starter-json-3.5.5.jar:/Users/antwibuadum/.m2/repository/com/fasterxml/jackson/core/jackson-databind/2.19.2/jackson-databind-2.19.2.jar:/Users/antwibuadum/.m2/repository/com/fasterxml/jackson/core/jackson-annotations/2.19.2/jackson-annotations-2.19.2.jar:/Users/antwibuadum/.m2/repository/com/fasterxml/jackson/core/jackson-core/2.19.2/jackson-core-2.19.2.jar:/Users/antwibuadum/.m2/repository/com/fasterxml/jackson/datatype/jackson-datatype-jdk8/2.19.2/jackson-datatype-jdk8-2.19.2.jar:/Users/antwibuadum/.m2/repository/com/fasterxml/jackson/datatype/jackson-datatype-jsr310/2.19.2/jackson-datatype-jsr310-2.19.2.jar:/Users/antwibuadum/.m2/repository/com/fasterxml/jackson/module/jackson-module-parameter-names/2.19.2/jackson-module-parameter-names-2.19.2.jar:/Users/antwibuadum/.m2/repository/org/springframework/boot/spring-boot-starter-tomcat/3.5.5/spring-boot-starter-tomcat-3.5.5.jar:/Users/antwibuadum/.m2/repository/org/apache/tomcat/embed/tomcat-embed-core/10.1.44/tomcat-embed-core-10.1.44.jar:/Users/antwibuadum/.m2/repository/org/apache/tomcat/embed/tomcat-embed-el/10.1.44/tomcat-embed-el-10.1.44.jar:/Users/antwibuadum/.m2/repository/org/apache/tomcat/embed/tomcat-embed-websocket/10.1.44/tomcat-embed-websocket-10.1.44.jar:/Users/antwibuadum/.m2/repository/org/springframework/spring-web/6.2.10/spring-web-6.2.10.jar:/Users/antwibuadum/.m2/repository/org/springframework/spring-beans/6.2.10/spring-beans-6.2.10.jar:/Users/antwibuadum/.m2/repository/io/micrometer/micrometer-observation/1.15.3/micrometer-observation-1.15.3.jar:/Users/antwibuadum/.m2/repository/io/micrometer/micrometer-commons/1.15.3/micrometer-commons-1.15.3.jar:/Users/antwibuadum/.m2/repository/org/springframework/spring-webmvc/6.2.10/spring-webmvc-6.2.10.jar:/Users/antwibuadum/.m2/repository/org/springframework/spring-aop/6.2.10/spring-aop-6.2.10.jar:/Users/antwibuadum/.m2/repository/org/springframework/spring-context/6.2.10/spring-context-6.2.10.jar:/Users/antwibuadum/.m2/repository/org/springframework/spring-expression/6.2.10/spring-expression-6.2.10.jar:/Users/antwibuadum/.m2/repository/com/mysql/mysql-connector-j/9.4.0/mysql-connector-j-9.4.0.jar:/Users/antwibuadum/.m2/repository/org/springframework/boot/spring-boot-starter-test/3.5.5/spring-boot-starter-test-3.5.5.jar:/Users/antwibuadum/.m2/repository/org/springframework/boot/spring-boot-test/3.5.5/spring-boot-test-3.5.5.jar:/Users/antwibuadum/.m2/repository/org/springframework/boot/spring-boot-test-autoconfigure/3.5.5/spring-boot-test-autoconfigure-3.5.5.jar:/Users/antwibuadum/.m2/repository/com/jayway/jsonpath/json-path/2.9.0/json-path-2.9.0.jar:/Users/antwibuadum/.m2/repository/org/slf4j/slf4j-api/2.0.17/slf4j-api-2.0.17.jar:/Users/antwibuadum/.m2/repository/jakarta/xml/bind/jakarta.xml.bind-api/4.0.2/jakarta.xml.bind-api-4.0.2.jar:/Users/antwibuadum/.m2/repository/jakarta/activation/jakarta.activation-api/2.1.3/jakarta.activation-api-2.1.3.jar:/Users/antwibuadum/.m2/repository/net/minidev/json-smart/2.5.2/json-smart-2.5.2.jar:/Users/antwibuadum/.m2/repository/net/minidev/accessors-smart/2.5.2/accessors-smart-2.5.2.jar:/Users/antwibuadum/.m2/repository/org/ow2/asm/asm/9.7.1/asm-9.7.1.jar:/Users/antwibuadum/.m2/repository/org/assertj/assertj-core/3.27.4/assertj-core-3.27.4.jar:/Users/antwibuadum/.m2/repository/net/bytebuddy/byte-buddy/1.17.7/byte-buddy-1.17.7.jar:/Users/antwibuadum/.m2/repository/org/awaitility/awaitility/4.2.2/awaitility-4.2.2.jar:/Users/antwibuadum/.m2/repository/org/hamcrest/hamcrest/3.0/hamcrest-3.0.jar:/Users/antwibuadum/.m2/repository/org/junit/jupiter/junit-jupiter/5.12.2/junit-jupiter-5.12.2.jar:/Users/antwibuadum/.m2/repository/org/junit/jupiter/junit-jupiter-api/5.12.2/junit-jupiter-api-5.12.2.jar:/Users/antwibuadum/.m2/repository/org/opentest4j/opentest4j/1.3.0/opentest4j-1.3.0.jar:/Users/antwibuadum/.m2/repository/org/junit/platform/junit-platform-commons/1.12.2/junit-platform-commons-1.12.2.jar:/Users/antwibuadum/.m2/repository/org/apiguardian/apiguardian-api/1.1.2/apiguardian-api-1.1.2.jar:/Users/antwibuadum/.m2/repository/org/junit/jupiter/junit-jupiter-params/5.12.2/junit-jupiter-params-5.12.2.jar:/Users/antwibuadum/.m2/repository/org/junit/jupiter/junit-jupiter-engine/5.12.2/junit-jupiter-engine-5.12.2.jar:/Users/antwibuadum/.m2/repository/org/junit/platform/junit-platform-engine/1.12.2/junit-platform-engine-1.12.2.jar:/Users/antwibuadum/.m2/repository/org/mockito/mockito-core/5.17.0/mockito-core-5.17.0.jar:/Users/antwibuadum/.m2/repository/net/bytebuddy/byte-buddy-agent/1.17.7/byte-buddy-agent-1.17.7.jar:/Users/antwibuadum/.m2/repository/org/objenesis/objenesis/3.3/objenesis-3.3.jar:/Users/antwibuadum/.m2/repository/org/mockito/mockito-junit-jupiter/5.17.0/mockito-junit-jupiter-5.17.0.jar:/Users/antwibuadum/.m2/repository/org/skyscreamer/jsonassert/1.5.3/jsonassert-1.5.3.jar:/Users/antwibuadum/.m2/repository/com/vaadin/external/google/android-json/0.0.20131108.vaadin1/android-json-0.0.20131108.vaadin1.jar:/Users/antwibuadum/.m2/repository/org/springframework/spring-core/6.2.10/spring-core-6.2.10.jar:/Users/antwibuadum/.m2/repository/org/springframework/spring-jcl/6.2.10/spring-jcl-6.2.10.jar:/Users/antwibuadum/.m2/repository/org/springframework/spring-test/6.2.10/spring-test-6.2.10.jar:/Users/antwibuadum/.m2/repository/org/xmlunit/xmlunit-core/2.10.3/xmlunit-core-2.10.3.jar:"/>
    <property name="java.vm.vendor" value="Eclipse Adoptium"/>
    <property name="sun.arch.data.model" value="64"/>
    <property name="java.vendor.url" value="https://adoptium.net/"/>
    <property name="user.timezone" value="America/Regina"/>
    <property name="os.name" value="Mac OS X"/>
    <property name="java.vm.specification.version" value="21"/>
    <property name="APPLICATION_NAME" value="personal-task-dashboard-project"/>
    <property name="sun.java.launcher" value="SUN_STANDARD"/>
    <property name="user.country" value="CA"/>
    <property name="sun.boot.library.path" value="/Library/Java/JavaVirtualMachines/temurin-21.jdk/Contents/Home/lib"/>
    <property name="sun.java.command" value="/Users/antwibuadum/Documents/Programming/Projects/personal-task-dashboard-project/backend/target/surefire/surefirebooter-20250929064030086_3.jar /Users/antwibuadum/Documents/Programming/Projects/personal-task-dashboard-project/backend/target/surefire 2025-09-29T06-40-30_040-jvmRun1 surefire-20250929064030086_1tmp surefire_0-20250929064030086_2tmp"/>
    <property name="jdk.debug" value="release"/>
    <property name="surefire.test.class.path" value="/Users/antwibuadum/Documents/Programming/Projects/personal-task-dashboard-project/backend/target/test-classes:/Users/antwibuadum/Documents/Programming/Projects/personal-task-dashboard-project/backend/target/classes:/Users/antwibuadum/.m2/repository/org/springframework/boot/spring-boot-starter-web/3.5.5/spring-boot-starter-web-3.5.5.jar:/Users/antwibuadum/.m2/repository/org/springframework/boot/spring-boot-starter/3.5.5/spring-boot-starter-3.5.5.jar:/Users/antwibuadum/.m2/repository/org/springframework/boot/spring-boot/3.5.5/spring-boot-3.5.5.jar:/Users/antwibuadum/.m2/repository/org/springframework/boot/spring-boot-autoconfigure/3.5.5/spring-boot-autoconfigure-3.5.5.jar:/Users/antwibuadum/.m2/repository/org/springframework/boot/spring-boot-starter-logging/3.5.5/spring-boot-starter-logging-3.5.5.jar:/Users/antwibuadum/.m2/repository/ch/qos/logback/logback-classic/1.5.18/logback-classic-1.5.18.jar:/Users/antwibuadum/.m2/repository/ch/qos/logback/logback-core/1.5.18/logback-core-1.5.18.jar:/Users/antwibuadum/.m2/repository/org/apache/logging/log4j/log4j-to-slf4j/2.24.3/log4j-to-slf4j-2.24.3.jar:/Users/antwibuadum/.m2/repository/org/apache/logging/log4j/log4j-api/2.24.3/log4j-api-2.24.3.jar:/Users/antwibuadum/.m2/repository/org/slf4j/jul-to-slf4j/2.0.17/jul-to-slf4j-2.0.17.jar:/Users/antwibuadum/.m2/repository/jakarta/annotation/jakarta.annotation-api/2.1.1/jakarta.annotation-api-2.1.1.jar:/Users/antwibuadum/.m2/repository/org/yaml/snakeyaml/2.4/snakeyaml-2.4.jar:/Users/antwibuadum/.m2/repository/org/springframework/boot/spring-boot-starter-json/3.5.5/spring-boot-starter-json-3.5.5.jar:/Users/antwibuadum/.m2/repository/com/fasterxml/jackson/core/jackson-databind/2.19.2/jackson-databind-2.19.2.jar:/Users/antwibuadum/.m2/repository/com/fasterxml/jackson/core/jackson-annotations/2.19.2/jackson-annotations-2.19.2.jar:/Users/antwibuadum/.m2/repository/com/fasterxml/jackson/core/jackson-core/2.19.2/jackson-core-2.19.2.jar:/Users/antwibuadum/.m2/repository/com/fasterxml/jackson/datatype/jackson-datatype-jdk8/2.19.2/jackson-datatype-jdk8-2.19.2.jar:/Users/antwibuadum/.m2/repository/com/fasterxml/jackson/datatype/jackson-datatype-jsr310/2.19.2/jackson-datatype-jsr310-2.19.2.jar:/Users/antwibuadum/.m2/repository/com/fasterxml/jackson/module/jackson-module-parameter-names/2.19.2/jackson-module-parameter-names-2.19.2.jar:/Users/antwibuadum/.m2/repository/org/springframework/boot/spring-boot-starter-tomcat/3.5.5/spring-boot-starter-tomcat-3.5.5.jar:/Users/antwibuadum/.m2/repository/org/apache/tomcat/embed/tomcat-embed-core/10.1.44/tomcat-embed-core-10.1.44.jar:/Users/antwibuadum/.m2/repository/org/apache/tomcat/embed/tomcat-embed-el/10.1.44/tomcat-embed-el-10.1.44.jar:/Users/antwibuadum/.m2/repository/org/apache/tomcat/embed/tomcat-embed-websocket/10.1.44/tomcat-embed-websocket-10.1.44.jar:/Users/antwibuadum/.m2/repository/org/springframework/spring-web/6.2.10/spring-web-6.2.10.jar:/Users/antwibuadum/.m2/repository/org/springframework/spring-beans/6.2.10/spring-beans-6.2.10.jar:/Users/antwibuadum/.m2/repository/io/micrometer/micrometer-observation/1.15.3/micrometer-observation-1.15.3.jar:/Users/antwibuadum/.m2/repository/io/micrometer/micrometer-commons/1.15.3/micrometer-commons-1.15.3.jar:/Users/antwibuadum/.m2/repository/org/springframework/spring-webmvc/6.2.10/spring-webmvc-6.2.10.jar:/Users/antwibuadum/.m2/repository/org/springframework/spring-aop/6.2.10/spring-aop-6.2.10.jar:/Users/antwibuadum/.m2/repository/org/springframework/spring-context/6.2.10/spring-context-6.2.10.jar:/Users/antwibuadum/.m2/repository/org/springframework/spring-expression/6.2.10/spring-expression-6.2.10.jar:/Users/antwibuadum/.m2/repository/com/mysql/mysql-connector-j/9.4.0/mysql-connector-j-9.4.0.jar:/Users/antwibuadum/.m2/repository/org/springframework/boot/spring-boot-starter-test/3.5.5/spring-boot-starter-test-3.5.5.jar:/Users/antwibuadum/.m2/repository/org/springframework/boot/spring-boot-test/3.5.5/spring-boot-test-3.5.5.jar:/Users/antwibuadum/.m2/repository/org/springframework/boot/spring-boot-test-autoconfigure/3.5.5/spring-boot-test-autoconfigure-3.5.5.jar:/Users/antwibuadum/.m2/repository/com/jayway/jsonpath/json-path/2.9.0/json-path-2.9.0.jar:/Users/antwibuadum/.m2/repository/org/slf4j/slf4j-api/2.0.17/slf4j-api-2.0.17.jar:/Users/antwibuadum/.m2/repository/jakarta/xml/bind/jakarta.xml.bind-api/4.0.2/jakarta.xml.bind-api-4.0.2.jar:/Users/antwibuadum/.m2/repository/jakarta/activation/jakarta.activation-api/2.1.3/jakarta.activation-api-2.1.3.jar:/Users/antwibuadum/.m2/repository/net/minidev/json-smart/2.5.2/json-smart-2.5.2.jar:/Users/antwibuadum/.m2/repository/net/minidev/accessors-smart/2.5.2/accessors-smart-2.5.2.jar:/Users/antwibuadum/.m2/repository/org/ow2/asm/asm/9.7.1/asm-9.7.1.jar:/Users/antwibuadum/.m2/repository/org/assertj/assertj-core/3.27.4/assertj-core-3.27.4.jar:/Users/antwibuadum/.m2/repository/net/bytebuddy/byte-buddy/1.17.7/byte-buddy-1.17.7.jar:/Users/antwibuadum/.m2/repository/org/awaitility/awaitility/4.2.2/awaitility-4.2.2.jar:/Users/antwibuadum/.m2/repository/org/hamcrest/hamcrest/3.0/hamcrest-3.0.jar:/Users/antwibuadum/.m2/repository/org/junit/jupiter/junit-jupiter/5.12.2/junit-jupiter-5.12.2.jar:/Users/antwibuadum/.m2/repository/org/junit/jupiter/junit-jupiter-api/5.12.2/junit-jupiter-api-5.12.2.jar:/Users/antwibuadum/.m2/repository/org/opentest4j/opentest4j/1.3.0/opentest4j-1.3.0.jar:/Users/antwibuadum/.m2/repository/org/junit/platform/junit-platform-commons/1.12.2/junit-platform-commons-1.12.2.jar:/Users/antwibuadum/.m2/repository/org/apiguardian/apiguardian-api/1.1.2/apiguardian-api-1.1.2.jar:/Users/antwibuadum/.m2/repository/org/junit/jupiter/junit-jupiter-params/5.12.2/junit-jupiter-params-5.12.2.jar:/Users/antwibuadum/.m2/repository/org/junit/jupiter/junit-jupiter-engine/5.12.2/junit-jupiter-engine-5.12.2.jar:/Users/antwibuadum/.m2/repository/org/junit/platform/junit-platform-engine/1.12.2/junit-platform-engine-1.12.2.jar:/Users/antwibuadum/.m2/repository/org/mockito/mockito-core/5.17.0/mockito-core-5.17.0.jar:/Users/antwibuadum/.m2/repository/net/bytebuddy/byte-buddy-agent/1.17.7/byte-buddy-agent-1.17.7.jar:/Users/antwibuadum/.m2/repository/org/objenesis/objenesis/3.3/objenesis-3.3.jar:/Users/antwibuadum/.m2/repository/org/mockito/mockito-junit-jupiter/5.17.0/mockito-junit-jupiter-5.17.0.jar:/Users/antwibuadum/.m2/repository/org/skyscreamer/jsonassert/1.5.3/jsonassert-1.5.3.jar:/Users/antwibuadum/.m2/repository/com/vaadin/external/google/android-json/0.0.20131108.vaadin1/android-json-0.0.20131108.vaadin1.jar:/Users/antwibuadum/.m2/repository/org/springframework/spring-core/6.2.10/spring-core-6.2.10.jar:/Users/antwibuadum/.m2/repository/org/springframework/spring-jcl/6.2.10/spring-jcl-6.2.10.jar:/Users/antwibuadum/.m2/repository/org/springframework/spring-test/6.2.10/spring-test-6.2.10.jar:/Users/antwibuadum/.m2/repository/org/xmlunit/xmlunit-core/2.10.3/xmlunit-core-2.10.3.jar:"/>
    <property name="sun.cpu.endian" value="little"/>
    <property name="user.home" value="/Users/antwibuadum"/>
    <property name="user.language" value="en"/>
    <property name="java.specification.vendor" value="Oracle Corporation"/>
    <property name="java.version.date" value="2025-04-15"/>
    <property name="java.home" value="/Library/Java/JavaVirtualMachines/temurin-21.jdk/Contents/Home"/>
    <property name="file.separator" value="/"/>
    <property name="basedir" value="/Users/antwibuadum/Documents/Programming/Projects/personal-task-dashboard-project/backend"/>
    <property name="java.vm.compressedOopsMode" value="Zero based"/>
    <property name="line.separator" value="&#10;"/>
    <property name="java.vm.specification.vendor" value="Oracle Corporation"/>
    <property name="java.specification.name" value="Java Platform API Specification"/>
    <property name="FILE_LOG_CHARSET" value="UTF-8"/>
    <property name="java.awt.headless" value="true"/>
    <property name="apple.awt.application.name" value="ForkedBooter"/>
    <property name="surefire.real.class.path" value="/Users/antwibuadum/Documents/Programming/Projects/personal-task-dashboard-project/backend/target/surefire/surefirebooter-20250929064030086_3.jar"/>
    <property name="sun.management.compiler" value="HotSpot 64-Bit Tiered Compilers"/>
    <property name="java.runtime.version" value="21.0.7+6-LTS"/>
    <property name="user.name" value="antwibuadum"/>
    <property name="stdout.encoding" value="UTF-8"/>
    <property name="path.separator" value=":"/>
    <property name="os.version" value="26.0"/>
    <property name="java.runtime.name" value="OpenJDK Runtime Environment"/>
    <property name="file.encoding" value="UTF-8"/>
    <property name="java.vm.name" value="OpenJDK 64-Bit Server VM"/>
    <property name="java.vendor.version" value="Temurin-21.0.7+6"/>
    <property name="localRepository" value="/Users/antwibuadum/.m2/repository"/>
    <property name="java.vendor.url.bug" value="https://github.com/adoptium/adoptium-support/issues"/>
    <property name="java.io.tmpdir" value="/var/folders/43/fc5mrmm12c53xzv2d7m0_7m40000gn/T/"/>
    <property name="java.version" value="21.0.7"/>
    <property name="user.dir" value="/Users/antwibuadum/Documents/Programming/Projects/personal-task-dashboard-project/backend"/>
    <property name="os.arch" value="aarch64"/>
    <property name="java.vm.specification.name" value="Java Virtual Machine Specification"/>
    <property name="PID" value="25203"/>
    <property name="CONSOLE_LOG_CHARSET" value="UTF-8"/>
    <property name="native.encoding" value="UTF-8"/>
    <property name="java.library.path" value="/Users/antwibuadum/Library/Java/Extensions:/Library/Java/Extensions:/Network/Library/Java/Extensions:/System/Library/Java/Extensions:/usr/lib/java:."/>
    <property name="java.vm.info" value="mixed mode, sharing"/>
    <property name="stderr.encoding" value="UTF-8"/>
    <property name="java.vendor" value="Eclipse Adoptium"/>
    <property name="java.vm.version" value="21.0.7+6-LTS"/>
    <property name="sun.io.unicode.encoding" value="UnicodeBig"/>
    <property name="java.class.version" value="65.0"/>
    <property name="LOGGED_APPLICATION_NAME" value="[personal-task-dashboard-project] "/>
  </properties>
  <testcase name="contextLoads" classname="com.antwibuadum.personal_task_dashboard.PersonalTaskDashboardProjectApplicationTests" time="0.435">
    <system-out><![CDATA[06:40:30.486 [main] INFO org.springframework.test.context.support.AnnotationConfigContextLoaderUtils -- Could not detect default configuration classes for test class [com.antwibuadum.personal_task_dashboard.PersonalTaskDashboardProjectApplicationTests]: PersonalTaskDashboardProjectApplicationTests does not declare any static, non-private, non-final, nested classes annotated with @Configuration.
06:40:30.543 [main] INFO org.springframework.boot.test.context.SpringBootTestContextBootstrapper -- Found @SpringBootConfiguration com.antwibuadum.personal_task_dashboard.PersonalTaskDashboardProjectApplication for test class com.antwibuadum.personal_task_dashboard.PersonalTaskDashboardProjectApplicationTests

  .   ____          _            __ _ _
 /\\ / ___'_ __ _ _(_)_ __  __ _ \ \ \ \
( ( )\___ | '_ | '_| | '_ \/ _` | \ \ \ \
 \\/  ___)| |_)| | | | | || (_| |  ) ) ) )
  '  |____| .__|_| |_|_| |_\__, | / / / /
 =========|_|==============|___/=/_/_/_/

 :: Spring Boot ::                (v3.5.5)

2025-09-29T06:40:30.739-06:00  INFO 25203 --- [personal-task-dashboard-project] [           main] onalTaskDashboardProjectApplicationTests : Starting PersonalTaskDashboardProjectApplicationTests using Java 21.0.7 with PID 25203 (started by antwibuadum in /Users/antwibuadum/Documents/Programming/Projects/personal-task-dashboard-project/backend)
2025-09-29T06:40:30.740-06:00  INFO 25203 --- [personal-task-dashboard-project] [           main] onalTaskDashboardProjectApplicationTests : No active profile set, falling back to 1 default profile: "default"
2025-09-29T06:40:31.468-06:00  WARN 25203 --- [personal-task-dashboard-project] [           main] s.w.s.m.m.a.RequestMappingHandlerMapping : Multiple @RequestMapping annotations found on public java.lang.Integer com.antwibuadum.personal_task_dashboard.new_id.NewIDController.getNewID(), but only the first will be used: [@org.springframework.web.bind.annotation.RequestMapping(consumes={}, headers={}, method={}, name="", params={}, path={"/get-new-id"}, produces={}, value={"/get-new-id"}), @org.springframework.web.bind.annotation.GetMapping(consumes={}, headers={}, name="", params={}, path={}, produces={}, value={})]
2025-09-29T06:40:31.469-06:00  WARN 25203 --- [personal-task-dashboard-project] [           main] s.w.s.m.m.a.RequestMappingHandlerMapping : Multiple @RequestMapping annotations found on public void com.antwibuadum.personal_task_dashboard.new_id.NewIDController.IncrementID(), but only the first will be used: [@org.springframework.web.bind.annotation.RequestMapping(consumes={}, headers={}, method={}, name="", params={}, path={"/get-and-increment-new-id"}, produces={}, value={"/get-and-increment-new-id"}), @org.springframework.web.bind.annotation.PostMapping(consumes={}, headers={}, name="", params={}, path={}, produces={}, value={})]
2025-09-29T06:40:31.471-06:00  WARN 25203 --- [personal-task-dashboard-project] [           main] s.w.s.m.m.a.RequestMappingHandlerMapping : Multiple @RequestMapping annotations found on public void com.antwibuadum.personal_task_dashboard.notes.NoteDataController.updateTodoPosition(java.lang.Integer[][]), but only the first will be used: [@org.springframework.web.bind.annotation.RequestMapping(consumes={}, headers={}, method={}, name="", params={}, path={"/update-note-positions"}, produces={}, value={"/update-note-positions"}), @org.springframework.web.bind.annotation.PutMapping(consumes={}, headers={}, name="", params={}, path={}, produces={}, value={})]
2025-09-29T06:40:31.471-06:00  WARN 25203 --- [personal-task-dashboard-project] [           main] s.w.s.m.m.a.RequestMappingHandlerMapping : Multiple @RequestMapping annotations found on public void com.antwibuadum.personal_task_dashboard.notes.NoteDataController.setNote(int), but only the first will be used: [@org.springframework.web.bind.annotation.RequestMapping(consumes={}, headers={}, method={}, name="", params={}, path={"/add-note"}, produces={}, value={"/add-note"}), @org.springframework.web.bind.annotation.PutMapping(consumes={}, headers={}, name="", params={}, path={}, produces={}, value={})]
2025-09-29T06:40:31.472-06:00  WARN 25203 --- [personal-task-dashboard-project] [           main] s.w.s.m.m.a.RequestMappingHandlerMapping : Multiple @RequestMapping annotations found on public void com.antwibuadum.personal_task_dashboard.notes.NoteDataController.setNote(com.antwibuadum.personal_task_dashboard.notes.NoteDataController$SetNoteData), but only the first will be used: [@org.springframework.web.bind.annotation.RequestMapping(consumes={}, headers={}, method={}, name="", params={}, path={"/set-note"}, produces={}, value={"/set-note"}), @org.springframework.web.bind.annotation.PutMapping(consumes={}, headers={}, name="", params={}, path={}, produces={}, value={})]
2025-09-29T06:40:31.472-06:00  WARN 25203 --- [personal-task-dashboard-project] [           main] s.w.s.m.m.a.RequestMappingHandlerMapping : Multiple @RequestMapping annotations found on public java.util.ArrayList com.antwibuadum.personal_task_dashboard.notes.NoteDataController.getTodoLists(), but only the first will be used: [@org.springframework.web.bind.annotation.RequestMapping(consumes={}, headers={}, method={}, name="", params={}, path={"/get-note-data"}, produces={}, value={"/get-note-data"}), @org.springframework.web.bind.annotation.GetMapping(consumes={}, headers={}, name="", params={}, path={}, produces={}, value={})]
2025-09-29T06:40:31.472-06:00  WARN 25203 --- [personal-task-dashboard-project] [           main] s.w.s.m.m.a.RequestMappingHandlerMapping : Multiple @RequestMapping annotations found on public void com.antwibuadum.personal_task_dashboard.notes.NoteDataController.deleteNote(int), but only the first will be used: [@org.springframework.web.bind.annotation.RequestMapping(consumes={}, headers={}, method={}, name="", params={}, path={"/delete-note"}, produces={}, value={"/delete-note"}), @org.springframework.web.bind.annotation.PutMapping(consumes={}, headers={}, name="", params={}, path={}, produces={}, value={})]
2025-09-29T06:40:31.474-06:00  WARN 25203 --- [personal-task-dashboard-project] [           main] s.w.s.m.m.a.RequestMappingHandlerMapping : Multiple @RequestMapping annotations found on public void com.antwibuadum.personal_task_dashboard.todo_list.TodoListDataController.updateTodoPosition(com.antwibuadum.personal_task_dashboard.todo_list.TodoListDataController$UpdateTodoPositionsData), but only the first will be used: [@org.springframework.web.bind.annotation.RequestMapping(consumes={}, headers={}, method={}, name="", params={}, path={"/update-todo-positions"}, produces={}, value={"/update-todo-positions"}), @org.springframework.web.bind.annotation.PutMapping(consumes={}, headers={}, name="", params={}, path={}, produces={}, value={})]
2025-09-29T06:40:31.475-06:00  WARN 25203 --- [personal-task-dashboard-project] [           main] s.w.s.m.m.a.RequestMappingHandlerMapping : Multiple @RequestMapping annotations found on public void com.antwibuadum.personal_task_dashboard.todo_list.TodoListDataController.setTodoListName(com.antwibuadum.personal_task_dashboard.todo_list.TodoListDataController$TodoListNameUpdateData), but only the first will be used: [@org.springframework.web.bind.annotation.RequestMapping(consumes={}, headers={}, method={}, name="", params={}, path={"/set-todo-list-name"}, produces={}, value={"/set-todo-list-name"}), @org.springframework.web.bind.annotation.PutMapping(consumes={}, headers={}, name="", params={}, path={}, produces={}, value={})]
2025-09-29T06:40:31.475-06:00  WARN 25203 --- [personal-task-dashboard-project] [           main] s.w.s.m.m.a.RequestMappingHandlerMapping : Multiple @RequestMapping annotations found on public void com.antwibuadum.personal_task_dashboard.todo_list.TodoListDataController.setTodoCompletionStatus(com.antwibuadum.personal_task_dashboard.todo_list.TodoListDataController$SetTodoCompletionStatusData), but only the first will be used: [@org.springframework.web.bind.annotation.RequestMapping(consumes={}, headers={}, method={}, name="", params={}, path={"/set-todo-completion-status"}, produces={}, value={"/set-todo-completion-status"}), @org.springframework.web.bind.annotation.PutMapping(consumes={}, headers={}, name="", params={}, path={}, produces={}, value={})]
2025-09-29T06:40:31.476-06:00  WARN 25203 --- [personal-task-dashboard-project] [           main] s.w.s.m.m.a.RequestMappingHandlerMapping : Multiple @RequestMapping annotations found on public java.util.ArrayList com.antwibuadum.personal_task_dashboard.todo_list.TodoListDataController.getTodoLists(), but only the first will be used: [@org.springframework.web.bind.annotation.RequestMapping(consumes={}, headers={}, method={}, name="", params={}, path={"/get-todo-list-data"}, produces={}, value={"/get-todo-list-data"}), @org.springframework.web.bind.annotation.GetMapping(consumes={}, headers={}, name="", params={}, path={}, produces={}, value={})]
2025-09-29T06:40:31.476-06:00  WARN 25203 --- [personal-task-dashboard-project] [           main] s.w.s.m.m.a.RequestMappingHandlerMapping : Multiple @RequestMapping annotations found on public void com.antwibuadum.personal_task_dashboard.todo_list.TodoListDataController.addTodoList(java.lang.Integer), but only the first will be used: [@org.springframework.web.bind.annotation.RequestMapping(consumes={}, headers={}, method={}, name="", params={}, path={"/add-todo-list"}, produces={}, value={"/add-todo-list"}), @org.springframework.web.bind.annotation.PutMapping(consumes={}, headers={}, name="", params={}, path={}, produces={}, value={})]
2025-09-29T06:40:31.476-06:00  WARN 25203 --- [personal-task-dashboard-project] [           main] s.w.s.m.m.a.RequestMappingHandlerMapping : Multiple @RequestMapping annotations found on public void com.antwibuadum.personal_task_dashboard.todo_list.TodoListDataController.deleteTodoList(int), but only the first will be used: [@org.springframework.web.bind.annotation.RequestMapping(consumes={}, headers={}, method={}, name="", params={}, path={"/delete-todo-list"}, produces={}, value={"/delete-todo-list"}), @org.springframework.web.bind.annotation.PutMapping(consumes={}, headers={}, name="", params={}, path={}, produces={}, value={})]
2025-09-29T06:40:31.477-06:00  WARN 25203 --- [personal-task-dashboard-project] [           main] s.w.s.m.m.a.RequestMappingHandlerMapping : Multiple @RequestMapping annotations found on public void com.antwibuadum.personal_task_dashboard.todo_list.TodoListDataController.switchListIDs(com.antwibuadum.personal_task_dashboard.todo_list.TodoListDataController$SwitchTodoListIDsData), but only the first will be used: [@org.springframework.web.bind.annotation.RequestMapping(consumes={}, headers={}, method={}, name="", params={}, path={"/switch-todo-list-ids"}, produces={}, value={"/switch-todo-list-ids"}), @org.springframework.web.bind.annotation.PutMapping(consumes={}, headers={}, name="", params={}, path={}, produces={}, value={})]
2025-09-29T06:40:31.477-06:00  WARN 25203 --- [personal-task-dashboard-project] [           main] s.w.s.m.m.a.RequestMappingHandlerMapping : Multiple @RequestMapping annotations found on public void com.antwibuadum.personal_task_dashboard.todo_list.TodoListDataController.addTodo(com.antwibuadum.personal_task_dashboard.todo_list.TodoListDataController$AddTodoData), but only the first will be used: [@org.springframework.web.bind.annotation.RequestMapping(consumes={}, headers={}, method={}, name="", params={}, path={"/add-todo"}, produces={}, value={"/add-todo"}), @org.springframework.web.bind.annotation.PutMapping(consumes={}, headers={}, name="", params={}, path={}, produces={}, value={})]
2025-09-29T06:40:31.478-06:00  WARN 25203 --- [personal-task-dashboard-project] [           main] s.w.s.m.m.a.RequestMappingHandlerMapping : Multiple @RequestMapping annotations found on public void com.antwibuadum.personal_task_dashboard.todo_list.TodoListDataController.setTodoName(com.antwibuadum.personal_task_dashboard.todo_list.TodoListDataController$SetTodoNameData), but only the first will be used: [@org.springframework.web.bind.annotation.RequestMapping(consumes={}, headers={}, method={}, name="", params={}, path={"/set-todo-name"}, produces={}, value={"/set-todo-name"}), @org.springframework.web.bind.annotation.PutMapping(consumes={}, headers={}, name="", params={}, path={}, produces={}, value={})]
2025-09-29T06:40:31.478-06:00  WARN 25203 --- [personal-task-dashboard-project] [           main] s.w.s.m.m.a.RequestMappingHandlerMapping : Multiple @RequestMapping annotations found on public void com.antwibuadum.personal_task_dashboard.todo_list.TodoListDataController.setTodoNote(com.antwibuadum.personal_task_dashboard.todo_list.TodoListDataController$SetTodoNoteData), but only the first will be used: [@org.springframework.web.bind.annotation.RequestMapping(consumes={}, headers={}, method={}, name="", params={}, path={"/set-todo-note"}, produces={}, value={"/set-todo-note"}), @org.springframework.web.bind.annotation.PutMapping(consumes={}, headers={}, name="", params={}, path={}, produces={}, value={})]
2025-09-29T06:40:31.478-06:00  WARN 25203 --- [personal-task-dashboard-project] [           main] s.w.s.m.m.a.RequestMappingHandlerMapping : Multiple @RequestMapping annotations found on public void com.antwibuadum.personal_task_dashboard.todo_list.TodoListDataController.deleteTodo(com.antwibuadum.personal_task_dashboard.todo_list.TodoListDataController$DeleteTodoData), but only the first will be used: [@org.springframework.web.bind.annotation.RequestMapping(consumes={}, headers={}, method={}, name="", params={}, path={"/delete-todo"}, produces={}, value={"/delete-todo"}), @org.springframework.web.bind.annotation.PutMapping(consumes={}, headers={}, name="", params={}, path={}, produces={}, value={})]
2025-09-29T06:40:31.579-06:00  INFO 25203 --- [personal-task-dashboard-project] [           main] onalTaskDashboardProjectApplicationTests : Started PersonalTaskDashboardProjectApplicationTests in 0.974 seconds (process running for 1.452)
]]></system-out>
    <system-err><![CDATA[Mockito is currently self-attaching to enable the inline-mock-maker. This will no longer work in future releases of the JDK. Please add Mockito as an agent to your build as described in Mockito's documentation: https://javadoc.io/doc/org.mockito/mockito-core/latest/org.mockito/org/mockito/Mockito.html#0.3
WARNING: A Java agent has been loaded dynamically (/Users/antwibuadum/.m2/repository/net/bytebuddy/byte-buddy-agent/1.17.7/byte-buddy-agent-1.17.7.jar)
WARNING: If a serviceability tool is in use, please run with -XX:+EnableDynamicAgentLoading to hide this warning
WARNING: If a serviceability tool is not in use, please run with -Djdk.instrument.traceUsage for more information
WARNING: Dynamic loading of agents will be disallowed by default in a future release
]]></system-err>
  </testcase>
</testsuite>